1570053026077|5|statement|connection 0|url jdbc:p6spy:postgresql://localhost:5432/ms_message_tests|SELECT version()|SELECT version()
1570053026089|1|statement|connection 0|url jdbc:p6spy:postgresql://localhost:5432/ms_message_tests|SELECT version()|SELECT version()
1570053026092|0|statement|connection 0|url jdbc:p6spy:postgresql://localhost:5432/ms_message_tests|SHOW search_path|SHOW search_path
1570053026093|0|statement|connection 0|url jdbc:p6spy:postgresql://localhost:5432/ms_message_tests|SELECT CURRENT_USER|SELECT CURRENT_USER
1570053026111|0|statement|connection 0|url jdbc:p6spy:postgresql://localhost:5432/ms_message_tests|SELECT current_user|SELECT current_user
1570053026114|1|statement|connection 0|url jdbc:p6spy:postgresql://localhost:5432/ms_message_tests|SELECT EXISTS (   SELECT 1   FROM   pg_catalog.pg_class c   JOIN   pg_catalog.pg_namespace n ON n.oid = c.relnamespace   WHERE  n.nspname = ?   AND    c.relname = ?   AND    c.relkind = 'r' )|SELECT EXISTS (   SELECT 1   FROM   pg_catalog.pg_class c   JOIN   pg_catalog.pg_namespace n ON n.oid = c.relnamespace   WHERE  n.nspname = 'test_ms_message_tests'   AND    c.relname = 'flyway_schema_history'   AND    c.relkind = 'r' )
1570053026116|0|statement|connection 0|url jdbc:p6spy:postgresql://localhost:5432/ms_message_tests|SELECT COUNT(*) FROM pg_namespace WHERE nspname=?|SELECT COUNT(*) FROM pg_namespace WHERE nspname='test_ms_message_tests'
1570053026158|1|statement|connection 0|url jdbc:p6spy:postgresql://localhost:5432/ms_message_tests|SET ROLE 'ms_message_tests'|SET ROLE 'ms_message_tests'
1570053026160|1|statement|connection 0|url jdbc:p6spy:postgresql://localhost:5432/ms_message_tests|SELECT EXISTS (   SELECT 1   FROM   pg_catalog.pg_class c   JOIN   pg_catalog.pg_namespace n ON n.oid = c.relnamespace   WHERE  n.nspname = ?   AND    c.relname = ?   AND    c.relkind = 'r' )|SELECT EXISTS (   SELECT 1   FROM   pg_catalog.pg_class c   JOIN   pg_catalog.pg_namespace n ON n.oid = c.relnamespace   WHERE  n.nspname = 'test_ms_message_tests'   AND    c.relname = 'flyway_schema_history'   AND    c.relkind = 'r' )
1570053026165|1|statement|connection 0|url jdbc:p6spy:postgresql://localhost:5432/ms_message_tests|SELECT "installed_rank","version","description","type","script","checksum","installed_on","installed_by","execution_time","success" FROM "test_ms_message_tests"."flyway_schema_history" WHERE "installed_rank" > -1 ORDER BY "installed_rank"|SELECT "installed_rank","version","description","type","script","checksum","installed_on","installed_by","execution_time","success" FROM "test_ms_message_tests"."flyway_schema_history" WHERE "installed_rank" > -1 ORDER BY "installed_rank"
1570053026173|0|commit|connection 0|url jdbc:p6spy:postgresql://localhost:5432/ms_message_tests||
1570053026179|0|statement|connection 0|url jdbc:p6spy:postgresql://localhost:5432/ms_message_tests|SELECT COUNT(*) FROM pg_namespace WHERE nspname=?|SELECT COUNT(*) FROM pg_namespace WHERE nspname='test_ms_message_tests'
1570053026179|0|commit|connection 0|url jdbc:p6spy:postgresql://localhost:5432/ms_message_tests||
1570053026180|0|statement|connection 0|url jdbc:p6spy:postgresql://localhost:5432/ms_message_tests|SET ROLE 'ms_message_tests'|SET ROLE 'ms_message_tests'
1570053026181|0|statement|connection 0|url jdbc:p6spy:postgresql://localhost:5432/ms_message_tests|SELECT EXISTS (   SELECT 1   FROM   pg_catalog.pg_class c   JOIN   pg_catalog.pg_namespace n ON n.oid = c.relnamespace   WHERE  n.nspname = ?   AND    c.relname = ?   AND    c.relkind = 'r' )|SELECT EXISTS (   SELECT 1   FROM   pg_catalog.pg_class c   JOIN   pg_catalog.pg_namespace n ON n.oid = c.relnamespace   WHERE  n.nspname = 'test_ms_message_tests'   AND    c.relname = 'flyway_schema_history'   AND    c.relkind = 'r' )
1570053026184|0|statement|connection 0|url jdbc:p6spy:postgresql://localhost:5432/ms_message_tests|SET ROLE 'ms_message_tests'|SET ROLE 'ms_message_tests'
1570053026185|0|statement|connection 0|url jdbc:p6spy:postgresql://localhost:5432/ms_message_tests|SELECT EXISTS (   SELECT 1   FROM   pg_catalog.pg_class c   JOIN   pg_catalog.pg_namespace n ON n.oid = c.relnamespace   WHERE  n.nspname = ?   AND    c.relname = ?   AND    c.relkind = 'r' )|SELECT EXISTS (   SELECT 1   FROM   pg_catalog.pg_class c   JOIN   pg_catalog.pg_namespace n ON n.oid = c.relnamespace   WHERE  n.nspname = 'test_ms_message_tests'   AND    c.relname = 'flyway_schema_history'   AND    c.relkind = 'r' )
1570053026186|0|statement|connection 0|url jdbc:p6spy:postgresql://localhost:5432/ms_message_tests|SET ROLE 'ms_message_tests'|SET ROLE 'ms_message_tests'
1570053026188|0|statement|connection 0|url jdbc:p6spy:postgresql://localhost:5432/ms_message_tests|SELECT pg_try_advisory_lock(77432733919933)|SELECT pg_try_advisory_lock(77432733919933)
1570053026189|0|statement|connection 0|url jdbc:p6spy:postgresql://localhost:5432/ms_message_tests|SET ROLE 'ms_message_tests'|SET ROLE 'ms_message_tests'
1570053026190|1|statement|connection 0|url jdbc:p6spy:postgresql://localhost:5432/ms_message_tests|SELECT EXISTS (   SELECT 1   FROM   pg_catalog.pg_class c   JOIN   pg_catalog.pg_namespace n ON n.oid = c.relnamespace   WHERE  n.nspname = ?   AND    c.relname = ?   AND    c.relkind = 'r' )|SELECT EXISTS (   SELECT 1   FROM   pg_catalog.pg_class c   JOIN   pg_catalog.pg_namespace n ON n.oid = c.relnamespace   WHERE  n.nspname = 'test_ms_message_tests'   AND    c.relname = 'flyway_schema_history'   AND    c.relkind = 'r' )
1570053026192|0|statement|connection 0|url jdbc:p6spy:postgresql://localhost:5432/ms_message_tests|SELECT "installed_rank","version","description","type","script","checksum","installed_on","installed_by","execution_time","success" FROM "test_ms_message_tests"."flyway_schema_history" WHERE "installed_rank" > 8 ORDER BY "installed_rank"|SELECT "installed_rank","version","description","type","script","checksum","installed_on","installed_by","execution_time","success" FROM "test_ms_message_tests"."flyway_schema_history" WHERE "installed_rank" > 8 ORDER BY "installed_rank"
1570053026194|1|statement|connection 0|url jdbc:p6spy:postgresql://localhost:5432/ms_message_tests|SELECT pg_advisory_unlock(77432733919933)|SELECT pg_advisory_unlock(77432733919933)
1570053026195|0|statement|connection 0|url jdbc:p6spy:postgresql://localhost:5432/ms_message_tests|SET ROLE 'ms_message_tests'|SET ROLE 'ms_message_tests'
1570053026197|0|statement|connection 0|url jdbc:p6spy:postgresql://localhost:5432/ms_message_tests|SELECT set_config('search_path', ?, false)|SELECT set_config('search_path', '"$user", public', false)
1570053026197|0|commit|connection 0|url jdbc:p6spy:postgresql://localhost:5432/ms_message_tests||
1570053028824|5|statement|connection 0|url jdbc:p6spy:postgresql://localhost:5432/ms_message_tests|select nextval ('test_ms_message_tests.message_seq')|select nextval ('test_ms_message_tests.message_seq')
1570053028872|0|statement|connection 0|url jdbc:p6spy:postgresql://localhost:5432/ms_message_tests|insert into test_ms_message_tests.t_message (create_date, update_date, m_begin_date, m_content, m_end_date, m_title, m_id) values (?, ?, ?, ?, ?, ?, ?)|insert into test_ms_message_tests.t_message (create_date, update_date, m_begin_date, m_content, m_end_date, m_title, m_id) values ('2019-10-02T23:50:28.812+0200', '2019-10-02T23:50:28.812+0200', '2019-10-02T00:00:00.000+0200', 'CONTENT', '2019-10-03T00:00:00.000+0200', 'TITLE', 21)
1570053028877|0|statement|connection 0|url jdbc:p6spy:postgresql://localhost:5432/ms_message_tests|select count(*) as col_0_0_ from test_ms_message_tests.t_message message0_|select count(*) as col_0_0_ from test_ms_message_tests.t_message message0_
1570053028936|1|rollback|connection 0|url jdbc:p6spy:postgresql://localhost:5432/ms_message_tests||
1570053028948|0|rollback|connection 0|url jdbc:p6spy:postgresql://localhost:5432/ms_message_tests||
1570053028957|0|statement|connection 0|url jdbc:p6spy:postgresql://localhost:5432/ms_message_tests|select nextval ('test_ms_message_tests.message_seq')|select nextval ('test_ms_message_tests.message_seq')
1570053028978|0|rollback|connection 0|url jdbc:p6spy:postgresql://localhost:5432/ms_message_tests||
1570053029018|0|rollback|connection 0|url jdbc:p6spy:postgresql://localhost:5432/ms_message_tests||
1570053029025|1|statement|connection 0|url jdbc:p6spy:postgresql://localhost:5432/ms_message_tests|select nextval ('test_ms_message_tests.message_seq')|select nextval ('test_ms_message_tests.message_seq')
1570053029038|1|statement|connection 0|url jdbc:p6spy:postgresql://localhost:5432/ms_message_tests|insert into test_ms_message_tests.t_message (create_date, update_date, m_begin_date, m_content, m_end_date, m_title, m_id) values (?, ?, ?, ?, ?, ?, ?)|insert into test_ms_message_tests.t_message (create_date, update_date, m_begin_date, m_content, m_end_date, m_title, m_id) values ('2019-10-02T23:50:29.024+0200', '2019-10-02T23:50:29.024+0200', '2019-10-02T00:00:00.000+0200', 'CONTENT', '2019-10-03T00:00:00.000+0200', 'TITLE', 23)
1570053029040|1|statement|connection 0|url jdbc:p6spy:postgresql://localhost:5432/ms_message_tests|select count(*) as col_0_0_ from test_ms_message_tests.t_message message0_ where message0_.m_id=?|select count(*) as col_0_0_ from test_ms_message_tests.t_message message0_ where message0_.m_id=23
1570053029050|0|statement|connection 0|url jdbc:p6spy:postgresql://localhost:5432/ms_message_tests|delete from test_ms_message_tests.t_message where m_id=?|delete from test_ms_message_tests.t_message where m_id=23
1570053029052|0|statement|connection 0|url jdbc:p6spy:postgresql://localhost:5432/ms_message_tests|select count(*) as col_0_0_ from test_ms_message_tests.t_message message0_|select count(*) as col_0_0_ from test_ms_message_tests.t_message message0_
1570053029057|2|rollback|connection 0|url jdbc:p6spy:postgresql://localhost:5432/ms_message_tests||
1570053029070|0|statement|connection 0|url jdbc:p6spy:postgresql://localhost:5432/ms_message_tests|select nextval ('test_ms_message_tests.message_seq')|select nextval ('test_ms_message_tests.message_seq')
1570053029083|0|statement|connection 0|url jdbc:p6spy:postgresql://localhost:5432/ms_message_tests|insert into test_ms_message_tests.t_message (create_date, update_date, m_begin_date, m_content, m_end_date, m_title, m_id) values (?, ?, ?, ?, ?, ?, ?)|insert into test_ms_message_tests.t_message (create_date, update_date, m_begin_date, m_content, m_end_date, m_title, m_id) values ('2019-10-02T23:50:29.069+0200', '2019-10-02T23:50:29.069+0200', '2019-10-02T00:00:00.000+0200', 'CONTENT', '2019-10-03T00:00:00.000+0200', 'TITLE', 24)
1570053029084|0|statement|connection 0|url jdbc:p6spy:postgresql://localhost:5432/ms_message_tests|select message0_.m_id as m_id1_1_, message0_.create_date as create_d2_1_, message0_.update_date as update_d3_1_, message0_.m_begin_date as m_begin_4_1_, message0_.m_content as m_conten5_1_, message0_.m_end_date as m_end_da6_1_, message0_.m_title as m_title7_1_ from test_ms_message_tests.t_message message0_|select message0_.m_id as m_id1_1_, message0_.create_date as create_d2_1_, message0_.update_date as update_d3_1_, message0_.m_begin_date as m_begin_4_1_, message0_.m_content as m_conten5_1_, message0_.m_end_date as m_end_da6_1_, message0_.m_title as m_title7_1_ from test_ms_message_tests.t_message message0_
1570053029087|0|rollback|connection 0|url jdbc:p6spy:postgresql://localhost:5432/ms_message_tests||
1570053599567|3|statement|connection 0|url jdbc:p6spy:postgresql://localhost:5432/ms_message_tests|SELECT version()|SELECT version()
1570053599576|0|statement|connection 0|url jdbc:p6spy:postgresql://localhost:5432/ms_message_tests|SELECT version()|SELECT version()
1570053599577|0|statement|connection 0|url jdbc:p6spy:postgresql://localhost:5432/ms_message_tests|SHOW search_path|SHOW search_path
1570053599578|0|statement|connection 0|url jdbc:p6spy:postgresql://localhost:5432/ms_message_tests|SELECT CURRENT_USER|SELECT CURRENT_USER
1570053599593|0|statement|connection 0|url jdbc:p6spy:postgresql://localhost:5432/ms_message_tests|SELECT current_user|SELECT current_user
1570053599598|2|statement|connection 0|url jdbc:p6spy:postgresql://localhost:5432/ms_message_tests|SELECT EXISTS (   SELECT 1   FROM   pg_catalog.pg_class c   JOIN   pg_catalog.pg_namespace n ON n.oid = c.relnamespace   WHERE  n.nspname = ?   AND    c.relname = ?   AND    c.relkind = 'r' )|SELECT EXISTS (   SELECT 1   FROM   pg_catalog.pg_class c   JOIN   pg_catalog.pg_namespace n ON n.oid = c.relnamespace   WHERE  n.nspname = 'test_ms_message_tests'   AND    c.relname = 'flyway_schema_history'   AND    c.relkind = 'r' )
1570053599601|0|statement|connection 0|url jdbc:p6spy:postgresql://localhost:5432/ms_message_tests|SELECT COUNT(*) FROM pg_namespace WHERE nspname=?|SELECT COUNT(*) FROM pg_namespace WHERE nspname='test_ms_message_tests'
1570053599647|1|statement|connection 0|url jdbc:p6spy:postgresql://localhost:5432/ms_message_tests|SET ROLE 'ms_message_tests'|SET ROLE 'ms_message_tests'
1570053599648|1|statement|connection 0|url jdbc:p6spy:postgresql://localhost:5432/ms_message_tests|SELECT EXISTS (   SELECT 1   FROM   pg_catalog.pg_class c   JOIN   pg_catalog.pg_namespace n ON n.oid = c.relnamespace   WHERE  n.nspname = ?   AND    c.relname = ?   AND    c.relkind = 'r' )|SELECT EXISTS (   SELECT 1   FROM   pg_catalog.pg_class c   JOIN   pg_catalog.pg_namespace n ON n.oid = c.relnamespace   WHERE  n.nspname = 'test_ms_message_tests'   AND    c.relname = 'flyway_schema_history'   AND    c.relkind = 'r' )
1570053599652|1|statement|connection 0|url jdbc:p6spy:postgresql://localhost:5432/ms_message_tests|SELECT "installed_rank","version","description","type","script","checksum","installed_on","installed_by","execution_time","success" FROM "test_ms_message_tests"."flyway_schema_history" WHERE "installed_rank" > -1 ORDER BY "installed_rank"|SELECT "installed_rank","version","description","type","script","checksum","installed_on","installed_by","execution_time","success" FROM "test_ms_message_tests"."flyway_schema_history" WHERE "installed_rank" > -1 ORDER BY "installed_rank"
1570053599663|1|commit|connection 0|url jdbc:p6spy:postgresql://localhost:5432/ms_message_tests||
1570053599668|0|statement|connection 0|url jdbc:p6spy:postgresql://localhost:5432/ms_message_tests|SELECT COUNT(*) FROM pg_namespace WHERE nspname=?|SELECT COUNT(*) FROM pg_namespace WHERE nspname='test_ms_message_tests'
1570053599668|0|commit|connection 0|url jdbc:p6spy:postgresql://localhost:5432/ms_message_tests||
1570053599669|0|statement|connection 0|url jdbc:p6spy:postgresql://localhost:5432/ms_message_tests|SET ROLE 'ms_message_tests'|SET ROLE 'ms_message_tests'
1570053599670|0|statement|connection 0|url jdbc:p6spy:postgresql://localhost:5432/ms_message_tests|SELECT EXISTS (   SELECT 1   FROM   pg_catalog.pg_class c   JOIN   pg_catalog.pg_namespace n ON n.oid = c.relnamespace   WHERE  n.nspname = ?   AND    c.relname = ?   AND    c.relkind = 'r' )|SELECT EXISTS (   SELECT 1   FROM   pg_catalog.pg_class c   JOIN   pg_catalog.pg_namespace n ON n.oid = c.relnamespace   WHERE  n.nspname = 'test_ms_message_tests'   AND    c.relname = 'flyway_schema_history'   AND    c.relkind = 'r' )
1570053599673|0|statement|connection 0|url jdbc:p6spy:postgresql://localhost:5432/ms_message_tests|SET ROLE 'ms_message_tests'|SET ROLE 'ms_message_tests'
1570053599673|0|statement|connection 0|url jdbc:p6spy:postgresql://localhost:5432/ms_message_tests|SELECT EXISTS (   SELECT 1   FROM   pg_catalog.pg_class c   JOIN   pg_catalog.pg_namespace n ON n.oid = c.relnamespace   WHERE  n.nspname = ?   AND    c.relname = ?   AND    c.relkind = 'r' )|SELECT EXISTS (   SELECT 1   FROM   pg_catalog.pg_class c   JOIN   pg_catalog.pg_namespace n ON n.oid = c.relnamespace   WHERE  n.nspname = 'test_ms_message_tests'   AND    c.relname = 'flyway_schema_history'   AND    c.relkind = 'r' )
1570053599675|0|statement|connection 0|url jdbc:p6spy:postgresql://localhost:5432/ms_message_tests|SET ROLE 'ms_message_tests'|SET ROLE 'ms_message_tests'
1570053599678|0|statement|connection 0|url jdbc:p6spy:postgresql://localhost:5432/ms_message_tests|SELECT pg_try_advisory_lock(77432733919933)|SELECT pg_try_advisory_lock(77432733919933)
1570053599679|0|statement|connection 0|url jdbc:p6spy:postgresql://localhost:5432/ms_message_tests|SET ROLE 'ms_message_tests'|SET ROLE 'ms_message_tests'
1570053599680|0|statement|connection 0|url jdbc:p6spy:postgresql://localhost:5432/ms_message_tests|SELECT EXISTS (   SELECT 1   FROM   pg_catalog.pg_class c   JOIN   pg_catalog.pg_namespace n ON n.oid = c.relnamespace   WHERE  n.nspname = ?   AND    c.relname = ?   AND    c.relkind = 'r' )|SELECT EXISTS (   SELECT 1   FROM   pg_catalog.pg_class c   JOIN   pg_catalog.pg_namespace n ON n.oid = c.relnamespace   WHERE  n.nspname = 'test_ms_message_tests'   AND    c.relname = 'flyway_schema_history'   AND    c.relkind = 'r' )
1570053599681|0|statement|connection 0|url jdbc:p6spy:postgresql://localhost:5432/ms_message_tests|SELECT "installed_rank","version","description","type","script","checksum","installed_on","installed_by","execution_time","success" FROM "test_ms_message_tests"."flyway_schema_history" WHERE "installed_rank" > 8 ORDER BY "installed_rank"|SELECT "installed_rank","version","description","type","script","checksum","installed_on","installed_by","execution_time","success" FROM "test_ms_message_tests"."flyway_schema_history" WHERE "installed_rank" > 8 ORDER BY "installed_rank"
1570053599683|0|statement|connection 0|url jdbc:p6spy:postgresql://localhost:5432/ms_message_tests|SELECT pg_advisory_unlock(77432733919933)|SELECT pg_advisory_unlock(77432733919933)
1570053599684|0|statement|connection 0|url jdbc:p6spy:postgresql://localhost:5432/ms_message_tests|SET ROLE 'ms_message_tests'|SET ROLE 'ms_message_tests'
1570053599685|0|statement|connection 0|url jdbc:p6spy:postgresql://localhost:5432/ms_message_tests|SELECT set_config('search_path', ?, false)|SELECT set_config('search_path', '"$user", public', false)
1570053599686|0|commit|connection 0|url jdbc:p6spy:postgresql://localhost:5432/ms_message_tests||
1570053602409|5|statement|connection 0|url jdbc:p6spy:postgresql://localhost:5432/ms_message_tests|select user0_.u_id as u_id1_4_, user0_.create_date as create_d2_4_, user0_.update_date as update_d3_4_, user0_.u_birthday as u_birthd4_4_, user0_.u_first_name as u_first_5_4_, user0_.u_mail as u_mail6_4_, user0_.u_name as u_name7_4_, user0_.u_password as u_passwo8_4_, user0_.u_role_id as u_role_i9_4_ from test_ms_message_tests.t_user user0_ where user0_.u_mail=?|select user0_.u_id as u_id1_4_, user0_.create_date as create_d2_4_, user0_.update_date as update_d3_4_, user0_.u_birthday as u_birthd4_4_, user0_.u_first_name as u_first_5_4_, user0_.u_mail as u_mail6_4_, user0_.u_name as u_name7_4_, user0_.u_password as u_passwo8_4_, user0_.u_role_id as u_role_i9_4_ from test_ms_message_tests.t_user user0_ where user0_.u_mail='test@gmail.com'
1570053602533|0|statement|connection 0|url jdbc:p6spy:postgresql://localhost:5432/ms_message_tests|select nextval ('test_ms_message_tests.user_seq')|select nextval ('test_ms_message_tests.user_seq')
1570053602567|0|statement|connection 0|url jdbc:p6spy:postgresql://localhost:5432/ms_message_tests|insert into test_ms_message_tests.t_user (create_date, update_date, u_birthday, u_first_name, u_mail, u_name, u_password, u_role_id, u_id) values (?, ?, ?, ?, ?, ?, ?, ?, ?)|insert into test_ms_message_tests.t_user (create_date, update_date, u_birthday, u_first_name, u_mail, u_name, u_password, u_role_id, u_id) values ('2019-10-03T00:00:02.531+0200', '2019-10-03T00:00:02.531+0200', '2019-10-02T00:00:00.000+0200', 'firstName', 'test@gmail.com', 'name', '$2a$10$H2qT8Rrml/RaEb8cQcOc5OB8uTx3LLOJpcDDu7ukG4g10OCk/m3Hq', NULL, 129)
1570053602570|0|statement|connection 0|url jdbc:p6spy:postgresql://localhost:5432/ms_message_tests|select user0_.u_id as u_id1_4_, user0_.create_date as create_d2_4_, user0_.update_date as update_d3_4_, user0_.u_birthday as u_birthd4_4_, user0_.u_first_name as u_first_5_4_, user0_.u_mail as u_mail6_4_, user0_.u_name as u_name7_4_, user0_.u_password as u_passwo8_4_, user0_.u_role_id as u_role_i9_4_ from test_ms_message_tests.t_user user0_|select user0_.u_id as u_id1_4_, user0_.create_date as create_d2_4_, user0_.update_date as update_d3_4_, user0_.u_birthday as u_birthd4_4_, user0_.u_first_name as u_first_5_4_, user0_.u_mail as u_mail6_4_, user0_.u_name as u_name7_4_, user0_.u_password as u_passwo8_4_, user0_.u_role_id as u_role_i9_4_ from test_ms_message_tests.t_user user0_
1570053602626|0|rollback|connection 0|url jdbc:p6spy:postgresql://localhost:5432/ms_message_tests||
1570053602658|0|rollback|connection 0|url jdbc:p6spy:postgresql://localhost:5432/ms_message_tests||
1570053602663|0|statement|connection 0|url jdbc:p6spy:postgresql://localhost:5432/ms_message_tests|select nextval ('test_ms_message_tests.user_seq')|select nextval ('test_ms_message_tests.user_seq')
1570053602668|0|rollback|connection 0|url jdbc:p6spy:postgresql://localhost:5432/ms_message_tests||
1570053602678|0|rollback|connection 0|url jdbc:p6spy:postgresql://localhost:5432/ms_message_tests||
1570053602695|0|statement|connection 0|url jdbc:p6spy:postgresql://localhost:5432/ms_message_tests|select role0_.r_id as r_id1_2_, role0_.create_date as create_d2_2_, role0_.update_date as update_d3_2_, role0_.r_code as r_code4_2_, role0_.r_libelle as r_libell5_2_ from test_ms_message_tests.t_role role0_ where role0_.r_code=?|select role0_.r_id as r_id1_2_, role0_.create_date as create_d2_2_, role0_.update_date as update_d3_2_, role0_.r_code as r_code4_2_, role0_.r_libelle as r_libell5_2_ from test_ms_message_tests.t_role role0_ where role0_.r_code='USERS'
1570053602714|0|rollback|connection 0|url jdbc:p6spy:postgresql://localhost:5432/ms_message_tests||
1570053602728|0|rollback|connection 0|url jdbc:p6spy:postgresql://localhost:5432/ms_message_tests||
1570053602738|0|statement|connection 0|url jdbc:p6spy:postgresql://localhost:5432/ms_message_tests|select user0_.u_id as u_id1_4_, user0_.create_date as create_d2_4_, user0_.update_date as update_d3_4_, user0_.u_birthday as u_birthd4_4_, user0_.u_first_name as u_first_5_4_, user0_.u_mail as u_mail6_4_, user0_.u_name as u_name7_4_, user0_.u_password as u_passwo8_4_, user0_.u_role_id as u_role_i9_4_ from test_ms_message_tests.t_user user0_ where user0_.u_mail=?|select user0_.u_id as u_id1_4_, user0_.create_date as create_d2_4_, user0_.update_date as update_d3_4_, user0_.u_birthday as u_birthd4_4_, user0_.u_first_name as u_first_5_4_, user0_.u_mail as u_mail6_4_, user0_.u_name as u_name7_4_, user0_.u_password as u_passwo8_4_, user0_.u_role_id as u_role_i9_4_ from test_ms_message_tests.t_user user0_ where user0_.u_mail='user@gmail.com'
1570053602741|0|rollback|connection 0|url jdbc:p6spy:postgresql://localhost:5432/ms_message_tests||
1570053602769|0|statement|connection 0|url jdbc:p6spy:postgresql://localhost:5432/ms_message_tests|select nextval ('test_ms_message_tests.message_seq')|select nextval ('test_ms_message_tests.message_seq')
1570053602775|0|statement|connection 0|url jdbc:p6spy:postgresql://localhost:5432/ms_message_tests|insert into test_ms_message_tests.t_message (create_date, update_date, m_begin_date, m_content, m_end_date, m_title, m_id) values (?, ?, ?, ?, ?, ?, ?)|insert into test_ms_message_tests.t_message (create_date, update_date, m_begin_date, m_content, m_end_date, m_title, m_id) values ('2019-10-03T00:00:02.768+0200', '2019-10-03T00:00:02.768+0200', '2019-10-03T00:00:00.000+0200', 'CONTENT', '2019-10-04T00:00:00.000+0200', 'TITLE', 25)
1570053602776|0|statement|connection 0|url jdbc:p6spy:postgresql://localhost:5432/ms_message_tests|select count(*) as col_0_0_ from test_ms_message_tests.t_message message0_|select count(*) as col_0_0_ from test_ms_message_tests.t_message message0_
1570053602783|0|rollback|connection 0|url jdbc:p6spy:postgresql://localhost:5432/ms_message_tests||
1570053602790|0|rollback|connection 0|url jdbc:p6spy:postgresql://localhost:5432/ms_message_tests||
1570053602795|0|statement|connection 0|url jdbc:p6spy:postgresql://localhost:5432/ms_message_tests|select nextval ('test_ms_message_tests.message_seq')|select nextval ('test_ms_message_tests.message_seq')
1570053602806|0|rollback|connection 0|url jdbc:p6spy:postgresql://localhost:5432/ms_message_tests||
1570053602831|0|rollback|connection 0|url jdbc:p6spy:postgresql://localhost:5432/ms_message_tests||
1570053602837|0|statement|connection 0|url jdbc:p6spy:postgresql://localhost:5432/ms_message_tests|select nextval ('test_ms_message_tests.message_seq')|select nextval ('test_ms_message_tests.message_seq')
1570053602842|0|statement|connection 0|url jdbc:p6spy:postgresql://localhost:5432/ms_message_tests|insert into test_ms_message_tests.t_message (create_date, update_date, m_begin_date, m_content, m_end_date, m_title, m_id) values (?, ?, ?, ?, ?, ?, ?)|insert into test_ms_message_tests.t_message (create_date, update_date, m_begin_date, m_content, m_end_date, m_title, m_id) values ('2019-10-03T00:00:02.836+0200', '2019-10-03T00:00:02.836+0200', '2019-10-03T00:00:00.000+0200', 'CONTENT', '2019-10-04T00:00:00.000+0200', 'TITLE', 27)
1570053602844|0|statement|connection 0|url jdbc:p6spy:postgresql://localhost:5432/ms_message_tests|select count(*) as col_0_0_ from test_ms_message_tests.t_message message0_ where message0_.m_id=?|select count(*) as col_0_0_ from test_ms_message_tests.t_message message0_ where message0_.m_id=27
1570053602855|0|statement|connection 0|url jdbc:p6spy:postgresql://localhost:5432/ms_message_tests|delete from test_ms_message_tests.t_message where m_id=?|delete from test_ms_message_tests.t_message where m_id=27
1570053602857|0|statement|connection 0|url jdbc:p6spy:postgresql://localhost:5432/ms_message_tests|select count(*) as col_0_0_ from test_ms_message_tests.t_message message0_|select count(*) as col_0_0_ from test_ms_message_tests.t_message message0_
1570053602859|0|rollback|connection 0|url jdbc:p6spy:postgresql://localhost:5432/ms_message_tests||
1570053602865|0|statement|connection 0|url jdbc:p6spy:postgresql://localhost:5432/ms_message_tests|select nextval ('test_ms_message_tests.message_seq')|select nextval ('test_ms_message_tests.message_seq')
1570053602875|0|statement|connection 0|url jdbc:p6spy:postgresql://localhost:5432/ms_message_tests|insert into test_ms_message_tests.t_message (create_date, update_date, m_begin_date, m_content, m_end_date, m_title, m_id) values (?, ?, ?, ?, ?, ?, ?)|insert into test_ms_message_tests.t_message (create_date, update_date, m_begin_date, m_content, m_end_date, m_title, m_id) values ('2019-10-03T00:00:02.865+0200', '2019-10-03T00:00:02.865+0200', '2019-10-03T00:00:00.000+0200', 'CONTENT', '2019-10-04T00:00:00.000+0200', 'TITLE', 28)
1570053602877|0|statement|connection 0|url jdbc:p6spy:postgresql://localhost:5432/ms_message_tests|select message0_.m_id as m_id1_1_, message0_.create_date as create_d2_1_, message0_.update_date as update_d3_1_, message0_.m_begin_date as m_begin_4_1_, message0_.m_content as m_conten5_1_, message0_.m_end_date as m_end_da6_1_, message0_.m_title as m_title7_1_ from test_ms_message_tests.t_message message0_|select message0_.m_id as m_id1_1_, message0_.create_date as create_d2_1_, message0_.update_date as update_d3_1_, message0_.m_begin_date as m_begin_4_1_, message0_.m_content as m_conten5_1_, message0_.m_end_date as m_end_da6_1_, message0_.m_title as m_title7_1_ from test_ms_message_tests.t_message message0_
1570053602882|1|rollback|connection 0|url jdbc:p6spy:postgresql://localhost:5432/ms_message_tests||
1570053629353|4|statement|connection 0|url jdbc:p6spy:postgresql://localhost:5432/ms_message_tests|SELECT version()|SELECT version()
1570053629364|0|statement|connection 0|url jdbc:p6spy:postgresql://localhost:5432/ms_message_tests|SELECT version()|SELECT version()
1570053629365|0|statement|connection 0|url jdbc:p6spy:postgresql://localhost:5432/ms_message_tests|SHOW search_path|SHOW search_path
1570053629365|0|statement|connection 0|url jdbc:p6spy:postgresql://localhost:5432/ms_message_tests|SELECT CURRENT_USER|SELECT CURRENT_USER
1570053629383|0|statement|connection 0|url jdbc:p6spy:postgresql://localhost:5432/ms_message_tests|SELECT current_user|SELECT current_user
1570053629388|2|statement|connection 0|url jdbc:p6spy:postgresql://localhost:5432/ms_message_tests|SELECT EXISTS (   SELECT 1   FROM   pg_catalog.pg_class c   JOIN   pg_catalog.pg_namespace n ON n.oid = c.relnamespace   WHERE  n.nspname = ?   AND    c.relname = ?   AND    c.relkind = 'r' )|SELECT EXISTS (   SELECT 1   FROM   pg_catalog.pg_class c   JOIN   pg_catalog.pg_namespace n ON n.oid = c.relnamespace   WHERE  n.nspname = 'test_ms_message_tests'   AND    c.relname = 'flyway_schema_history'   AND    c.relkind = 'r' )
1570053629391|1|statement|connection 0|url jdbc:p6spy:postgresql://localhost:5432/ms_message_tests|SELECT COUNT(*) FROM pg_namespace WHERE nspname=?|SELECT COUNT(*) FROM pg_namespace WHERE nspname='test_ms_message_tests'
1570053629433|2|statement|connection 0|url jdbc:p6spy:postgresql://localhost:5432/ms_message_tests|SET ROLE 'ms_message_tests'|SET ROLE 'ms_message_tests'
1570053629437|2|statement|connection 0|url jdbc:p6spy:postgresql://localhost:5432/ms_message_tests|SELECT EXISTS (   SELECT 1   FROM   pg_catalog.pg_class c   JOIN   pg_catalog.pg_namespace n ON n.oid = c.relnamespace   WHERE  n.nspname = ?   AND    c.relname = ?   AND    c.relkind = 'r' )|SELECT EXISTS (   SELECT 1   FROM   pg_catalog.pg_class c   JOIN   pg_catalog.pg_namespace n ON n.oid = c.relnamespace   WHERE  n.nspname = 'test_ms_message_tests'   AND    c.relname = 'flyway_schema_history'   AND    c.relkind = 'r' )
1570053629448|3|statement|connection 0|url jdbc:p6spy:postgresql://localhost:5432/ms_message_tests|SELECT "installed_rank","version","description","type","script","checksum","installed_on","installed_by","execution_time","success" FROM "test_ms_message_tests"."flyway_schema_history" WHERE "installed_rank" > -1 ORDER BY "installed_rank"|SELECT "installed_rank","version","description","type","script","checksum","installed_on","installed_by","execution_time","success" FROM "test_ms_message_tests"."flyway_schema_history" WHERE "installed_rank" > -1 ORDER BY "installed_rank"
1570053629464|2|commit|connection 0|url jdbc:p6spy:postgresql://localhost:5432/ms_message_tests||
1570053629468|1|statement|connection 0|url jdbc:p6spy:postgresql://localhost:5432/ms_message_tests|SELECT COUNT(*) FROM pg_namespace WHERE nspname=?|SELECT COUNT(*) FROM pg_namespace WHERE nspname='test_ms_message_tests'
1570053629468|0|commit|connection 0|url jdbc:p6spy:postgresql://localhost:5432/ms_message_tests||
1570053629469|0|statement|connection 0|url jdbc:p6spy:postgresql://localhost:5432/ms_message_tests|SET ROLE 'ms_message_tests'|SET ROLE 'ms_message_tests'
1570053629470|1|statement|connection 0|url jdbc:p6spy:postgresql://localhost:5432/ms_message_tests|SELECT EXISTS (   SELECT 1   FROM   pg_catalog.pg_class c   JOIN   pg_catalog.pg_namespace n ON n.oid = c.relnamespace   WHERE  n.nspname = ?   AND    c.relname = ?   AND    c.relkind = 'r' )|SELECT EXISTS (   SELECT 1   FROM   pg_catalog.pg_class c   JOIN   pg_catalog.pg_namespace n ON n.oid = c.relnamespace   WHERE  n.nspname = 'test_ms_message_tests'   AND    c.relname = 'flyway_schema_history'   AND    c.relkind = 'r' )
1570053629473|0|statement|connection 0|url jdbc:p6spy:postgresql://localhost:5432/ms_message_tests|SET ROLE 'ms_message_tests'|SET ROLE 'ms_message_tests'
1570053629474|0|statement|connection 0|url jdbc:p6spy:postgresql://localhost:5432/ms_message_tests|SELECT EXISTS (   SELECT 1   FROM   pg_catalog.pg_class c   JOIN   pg_catalog.pg_namespace n ON n.oid = c.relnamespace   WHERE  n.nspname = ?   AND    c.relname = ?   AND    c.relkind = 'r' )|SELECT EXISTS (   SELECT 1   FROM   pg_catalog.pg_class c   JOIN   pg_catalog.pg_namespace n ON n.oid = c.relnamespace   WHERE  n.nspname = 'test_ms_message_tests'   AND    c.relname = 'flyway_schema_history'   AND    c.relkind = 'r' )
1570053629475|0|statement|connection 0|url jdbc:p6spy:postgresql://localhost:5432/ms_message_tests|SET ROLE 'ms_message_tests'|SET ROLE 'ms_message_tests'
1570053629478|0|statement|connection 0|url jdbc:p6spy:postgresql://localhost:5432/ms_message_tests|SELECT pg_try_advisory_lock(77432733919933)|SELECT pg_try_advisory_lock(77432733919933)
1570053629478|0|statement|connection 0|url jdbc:p6spy:postgresql://localhost:5432/ms_message_tests|SET ROLE 'ms_message_tests'|SET ROLE 'ms_message_tests'
1570053629482|3|statement|connection 0|url jdbc:p6spy:postgresql://localhost:5432/ms_message_tests|SELECT EXISTS (   SELECT 1   FROM   pg_catalog.pg_class c   JOIN   pg_catalog.pg_namespace n ON n.oid = c.relnamespace   WHERE  n.nspname = ?   AND    c.relname = ?   AND    c.relkind = 'r' )|SELECT EXISTS (   SELECT 1   FROM   pg_catalog.pg_class c   JOIN   pg_catalog.pg_namespace n ON n.oid = c.relnamespace   WHERE  n.nspname = 'test_ms_message_tests'   AND    c.relname = 'flyway_schema_history'   AND    c.relkind = 'r' )
1570053629483|0|statement|connection 0|url jdbc:p6spy:postgresql://localhost:5432/ms_message_tests|SELECT "installed_rank","version","description","type","script","checksum","installed_on","installed_by","execution_time","success" FROM "test_ms_message_tests"."flyway_schema_history" WHERE "installed_rank" > 8 ORDER BY "installed_rank"|SELECT "installed_rank","version","description","type","script","checksum","installed_on","installed_by","execution_time","success" FROM "test_ms_message_tests"."flyway_schema_history" WHERE "installed_rank" > 8 ORDER BY "installed_rank"
1570053629486|0|statement|connection 0|url jdbc:p6spy:postgresql://localhost:5432/ms_message_tests|SELECT pg_advisory_unlock(77432733919933)|SELECT pg_advisory_unlock(77432733919933)
1570053629486|0|statement|connection 0|url jdbc:p6spy:postgresql://localhost:5432/ms_message_tests|SET ROLE 'ms_message_tests'|SET ROLE 'ms_message_tests'
1570053629488|0|statement|connection 0|url jdbc:p6spy:postgresql://localhost:5432/ms_message_tests|SELECT set_config('search_path', ?, false)|SELECT set_config('search_path', '"$user", public', false)
1570053629488|0|commit|connection 0|url jdbc:p6spy:postgresql://localhost:5432/ms_message_tests||
1570053631883|1|statement|connection 0|url jdbc:p6spy:postgresql://localhost:5432/ms_message_tests|select user0_.u_id as u_id1_4_, user0_.create_date as create_d2_4_, user0_.update_date as update_d3_4_, user0_.u_birthday as u_birthd4_4_, user0_.u_first_name as u_first_5_4_, user0_.u_mail as u_mail6_4_, user0_.u_name as u_name7_4_, user0_.u_password as u_passwo8_4_, user0_.u_role_id as u_role_i9_4_ from test_ms_message_tests.t_user user0_ where user0_.u_mail=?|select user0_.u_id as u_id1_4_, user0_.create_date as create_d2_4_, user0_.update_date as update_d3_4_, user0_.u_birthday as u_birthd4_4_, user0_.u_first_name as u_first_5_4_, user0_.u_mail as u_mail6_4_, user0_.u_name as u_name7_4_, user0_.u_password as u_passwo8_4_, user0_.u_role_id as u_role_i9_4_ from test_ms_message_tests.t_user user0_ where user0_.u_mail='test@gmail.com'
1570053632024|0|statement|connection 0|url jdbc:p6spy:postgresql://localhost:5432/ms_message_tests|select nextval ('test_ms_message_tests.user_seq')|select nextval ('test_ms_message_tests.user_seq')
1570053632063|0|statement|connection 0|url jdbc:p6spy:postgresql://localhost:5432/ms_message_tests|insert into test_ms_message_tests.t_user (create_date, update_date, u_birthday, u_first_name, u_mail, u_name, u_password, u_role_id, u_id) values (?, ?, ?, ?, ?, ?, ?, ?, ?)|insert into test_ms_message_tests.t_user (create_date, update_date, u_birthday, u_first_name, u_mail, u_name, u_password, u_role_id, u_id) values ('2019-10-03T00:00:32.022+0200', '2019-10-03T00:00:32.022+0200', '2019-10-02T00:00:00.000+0200', 'firstName', 'test@gmail.com', 'name', '$2a$10$N.KKxsua6o9C9HIrDgT/d.zD95HpGr75KmBgG2cyNq42L62/dzvB2', NULL, 131)
1570053632065|0|statement|connection 0|url jdbc:p6spy:postgresql://localhost:5432/ms_message_tests|select user0_.u_id as u_id1_4_, user0_.create_date as create_d2_4_, user0_.update_date as update_d3_4_, user0_.u_birthday as u_birthd4_4_, user0_.u_first_name as u_first_5_4_, user0_.u_mail as u_mail6_4_, user0_.u_name as u_name7_4_, user0_.u_password as u_passwo8_4_, user0_.u_role_id as u_role_i9_4_ from test_ms_message_tests.t_user user0_|select user0_.u_id as u_id1_4_, user0_.create_date as create_d2_4_, user0_.update_date as update_d3_4_, user0_.u_birthday as u_birthd4_4_, user0_.u_first_name as u_first_5_4_, user0_.u_mail as u_mail6_4_, user0_.u_name as u_name7_4_, user0_.u_password as u_passwo8_4_, user0_.u_role_id as u_role_i9_4_ from test_ms_message_tests.t_user user0_
1570053632125|0|rollback|connection 0|url jdbc:p6spy:postgresql://localhost:5432/ms_message_tests||
1570053632154|0|rollback|connection 0|url jdbc:p6spy:postgresql://localhost:5432/ms_message_tests||
1570053632159|0|statement|connection 0|url jdbc:p6spy:postgresql://localhost:5432/ms_message_tests|select nextval ('test_ms_message_tests.user_seq')|select nextval ('test_ms_message_tests.user_seq')
1570053632163|0|rollback|connection 0|url jdbc:p6spy:postgresql://localhost:5432/ms_message_tests||
1570053632171|0|rollback|connection 0|url jdbc:p6spy:postgresql://localhost:5432/ms_message_tests||
1570053632184|0|statement|connection 0|url jdbc:p6spy:postgresql://localhost:5432/ms_message_tests|select role0_.r_id as r_id1_2_, role0_.create_date as create_d2_2_, role0_.update_date as update_d3_2_, role0_.r_code as r_code4_2_, role0_.r_libelle as r_libell5_2_ from test_ms_message_tests.t_role role0_ where role0_.r_code=?|select role0_.r_id as r_id1_2_, role0_.create_date as create_d2_2_, role0_.update_date as update_d3_2_, role0_.r_code as r_code4_2_, role0_.r_libelle as r_libell5_2_ from test_ms_message_tests.t_role role0_ where role0_.r_code='USERS'
1570053632205|0|statement|connection 0|url jdbc:p6spy:postgresql://localhost:5432/ms_message_tests|select user0_.u_id as u_id1_4_, user0_.create_date as create_d2_4_, user0_.update_date as update_d3_4_, user0_.u_birthday as u_birthd4_4_, user0_.u_first_name as u_first_5_4_, user0_.u_mail as u_mail6_4_, user0_.u_name as u_name7_4_, user0_.u_password as u_passwo8_4_, user0_.u_role_id as u_role_i9_4_ from test_ms_message_tests.t_user user0_ where user0_.u_mail=?|select user0_.u_id as u_id1_4_, user0_.create_date as create_d2_4_, user0_.update_date as update_d3_4_, user0_.u_birthday as u_birthd4_4_, user0_.u_first_name as u_first_5_4_, user0_.u_mail as u_mail6_4_, user0_.u_name as u_name7_4_, user0_.u_password as u_passwo8_4_, user0_.u_role_id as u_role_i9_4_ from test_ms_message_tests.t_user user0_ where user0_.u_mail='test@gmail.com'
1570053632306|0|statement|connection 0|url jdbc:p6spy:postgresql://localhost:5432/ms_message_tests|select nextval ('test_ms_message_tests.user_seq')|select nextval ('test_ms_message_tests.user_seq')
1570053632310|0|statement|connection 0|url jdbc:p6spy:postgresql://localhost:5432/ms_message_tests|insert into test_ms_message_tests.t_user (create_date, update_date, u_birthday, u_first_name, u_mail, u_name, u_password, u_role_id, u_id) values (?, ?, ?, ?, ?, ?, ?, ?, ?)|insert into test_ms_message_tests.t_user (create_date, update_date, u_birthday, u_first_name, u_mail, u_name, u_password, u_role_id, u_id) values ('2019-10-03T00:00:32.305+0200', '2019-10-03T00:00:32.305+0200', '2019-10-02T00:00:00.000+0200', 'firstName', 'test@gmail.com', 'name', '$2a$10$jKUfRjygDgQyQFFpBTE1UeU6BOGdFf76J7Y9WGHPmGuka301ZSvTO', 2, 133)
1570053632311|0|statement|connection 0|url jdbc:p6spy:postgresql://localhost:5432/ms_message_tests|select user0_.u_id as u_id1_4_, user0_.create_date as create_d2_4_, user0_.update_date as update_d3_4_, user0_.u_birthday as u_birthd4_4_, user0_.u_first_name as u_first_5_4_, user0_.u_mail as u_mail6_4_, user0_.u_name as u_name7_4_, user0_.u_password as u_passwo8_4_, user0_.u_role_id as u_role_i9_4_ from test_ms_message_tests.t_user user0_ where user0_.u_mail=?|select user0_.u_id as u_id1_4_, user0_.create_date as create_d2_4_, user0_.update_date as update_d3_4_, user0_.u_birthday as u_birthd4_4_, user0_.u_first_name as u_first_5_4_, user0_.u_mail as u_mail6_4_, user0_.u_name as u_name7_4_, user0_.u_password as u_passwo8_4_, user0_.u_role_id as u_role_i9_4_ from test_ms_message_tests.t_user user0_ where user0_.u_mail='test@gmail.com'
1570053632317|1|statement|connection 0|url jdbc:p6spy:postgresql://localhost:5432/ms_message_tests|select fonctions0_.role_id as role_id2_3_0_, fonctions0_.fonction_id as fonction1_3_0_, fonction1_.f_id as f_id1_0_1_, fonction1_.create_date as create_d2_0_1_, fonction1_.update_date as update_d3_0_1_, fonction1_.f_code as f_code4_0_1_, fonction1_.f_libelle as f_libell5_0_1_ from test_ms_message_tests.t_role_fonction fonctions0_ inner join test_ms_message_tests.t_fonction fonction1_ on fonctions0_.fonction_id=fonction1_.f_id where fonctions0_.role_id=?|select fonctions0_.role_id as role_id2_3_0_, fonctions0_.fonction_id as fonction1_3_0_, fonction1_.f_id as f_id1_0_1_, fonction1_.create_date as create_d2_0_1_, fonction1_.update_date as update_d3_0_1_, fonction1_.f_code as f_code4_0_1_, fonction1_.f_libelle as f_libell5_0_1_ from test_ms_message_tests.t_role_fonction fonctions0_ inner join test_ms_message_tests.t_fonction fonction1_ on fonctions0_.fonction_id=fonction1_.f_id where fonctions0_.role_id=2
1570053632427|1|rollback|connection 0|url jdbc:p6spy:postgresql://localhost:5432/ms_message_tests||
1570053632438|0|rollback|connection 0|url jdbc:p6spy:postgresql://localhost:5432/ms_message_tests||
1570053632448|0|statement|connection 0|url jdbc:p6spy:postgresql://localhost:5432/ms_message_tests|select user0_.u_id as u_id1_4_, user0_.create_date as create_d2_4_, user0_.update_date as update_d3_4_, user0_.u_birthday as u_birthd4_4_, user0_.u_first_name as u_first_5_4_, user0_.u_mail as u_mail6_4_, user0_.u_name as u_name7_4_, user0_.u_password as u_passwo8_4_, user0_.u_role_id as u_role_i9_4_ from test_ms_message_tests.t_user user0_ where user0_.u_mail=?|select user0_.u_id as u_id1_4_, user0_.create_date as create_d2_4_, user0_.update_date as update_d3_4_, user0_.u_birthday as u_birthd4_4_, user0_.u_first_name as u_first_5_4_, user0_.u_mail as u_mail6_4_, user0_.u_name as u_name7_4_, user0_.u_password as u_passwo8_4_, user0_.u_role_id as u_role_i9_4_ from test_ms_message_tests.t_user user0_ where user0_.u_mail='user@gmail.com'
1570053632450|0|rollback|connection 0|url jdbc:p6spy:postgresql://localhost:5432/ms_message_tests||
1570053632485|0|statement|connection 0|url jdbc:p6spy:postgresql://localhost:5432/ms_message_tests|select nextval ('test_ms_message_tests.message_seq')|select nextval ('test_ms_message_tests.message_seq')
1570053632491|0|statement|connection 0|url jdbc:p6spy:postgresql://localhost:5432/ms_message_tests|insert into test_ms_message_tests.t_message (create_date, update_date, m_begin_date, m_content, m_end_date, m_title, m_id) values (?, ?, ?, ?, ?, ?, ?)|insert into test_ms_message_tests.t_message (create_date, update_date, m_begin_date, m_content, m_end_date, m_title, m_id) values ('2019-10-03T00:00:32.484+0200', '2019-10-03T00:00:32.484+0200', '2019-10-03T00:00:00.000+0200', 'CONTENT', '2019-10-04T00:00:00.000+0200', 'TITLE', 29)
1570053632492|0|statement|connection 0|url jdbc:p6spy:postgresql://localhost:5432/ms_message_tests|select count(*) as col_0_0_ from test_ms_message_tests.t_message message0_|select count(*) as col_0_0_ from test_ms_message_tests.t_message message0_
1570053632498|0|rollback|connection 0|url jdbc:p6spy:postgresql://localhost:5432/ms_message_tests||
1570053632505|0|rollback|connection 0|url jdbc:p6spy:postgresql://localhost:5432/ms_message_tests||
1570053632511|0|statement|connection 0|url jdbc:p6spy:postgresql://localhost:5432/ms_message_tests|select nextval ('test_ms_message_tests.message_seq')|select nextval ('test_ms_message_tests.message_seq')
1570053632520|0|rollback|connection 0|url jdbc:p6spy:postgresql://localhost:5432/ms_message_tests||
1570053632542|0|rollback|connection 0|url jdbc:p6spy:postgresql://localhost:5432/ms_message_tests||
1570053632548|0|statement|connection 0|url jdbc:p6spy:postgresql://localhost:5432/ms_message_tests|select nextval ('test_ms_message_tests.message_seq')|select nextval ('test_ms_message_tests.message_seq')
1570053632553|0|statement|connection 0|url jdbc:p6spy:postgresql://localhost:5432/ms_message_tests|insert into test_ms_message_tests.t_message (create_date, update_date, m_begin_date, m_content, m_end_date, m_title, m_id) values (?, ?, ?, ?, ?, ?, ?)|insert into test_ms_message_tests.t_message (create_date, update_date, m_begin_date, m_content, m_end_date, m_title, m_id) values ('2019-10-03T00:00:32.547+0200', '2019-10-03T00:00:32.547+0200', '2019-10-03T00:00:00.000+0200', 'CONTENT', '2019-10-04T00:00:00.000+0200', 'TITLE', 31)
1570053632554|0|statement|connection 0|url jdbc:p6spy:postgresql://localhost:5432/ms_message_tests|select count(*) as col_0_0_ from test_ms_message_tests.t_message message0_ where message0_.m_id=?|select count(*) as col_0_0_ from test_ms_message_tests.t_message message0_ where message0_.m_id=31
1570053632565|0|statement|connection 0|url jdbc:p6spy:postgresql://localhost:5432/ms_message_tests|delete from test_ms_message_tests.t_message where m_id=?|delete from test_ms_message_tests.t_message where m_id=31
1570053632567|0|statement|connection 0|url jdbc:p6spy:postgresql://localhost:5432/ms_message_tests|select count(*) as col_0_0_ from test_ms_message_tests.t_message message0_|select count(*) as col_0_0_ from test_ms_message_tests.t_message message0_
1570053632569|0|rollback|connection 0|url jdbc:p6spy:postgresql://localhost:5432/ms_message_tests||
1570053632574|0|statement|connection 0|url jdbc:p6spy:postgresql://localhost:5432/ms_message_tests|select nextval ('test_ms_message_tests.message_seq')|select nextval ('test_ms_message_tests.message_seq')
1570053632579|0|statement|connection 0|url jdbc:p6spy:postgresql://localhost:5432/ms_message_tests|insert into test_ms_message_tests.t_message (create_date, update_date, m_begin_date, m_content, m_end_date, m_title, m_id) values (?, ?, ?, ?, ?, ?, ?)|insert into test_ms_message_tests.t_message (create_date, update_date, m_begin_date, m_content, m_end_date, m_title, m_id) values ('2019-10-03T00:00:32.573+0200', '2019-10-03T00:00:32.573+0200', '2019-10-03T00:00:00.000+0200', 'CONTENT', '2019-10-04T00:00:00.000+0200', 'TITLE', 32)
1570053632580|0|statement|connection 0|url jdbc:p6spy:postgresql://localhost:5432/ms_message_tests|select message0_.m_id as m_id1_1_, message0_.create_date as create_d2_1_, message0_.update_date as update_d3_1_, message0_.m_begin_date as m_begin_4_1_, message0_.m_content as m_conten5_1_, message0_.m_end_date as m_end_da6_1_, message0_.m_title as m_title7_1_ from test_ms_message_tests.t_message message0_|select message0_.m_id as m_id1_1_, message0_.create_date as create_d2_1_, message0_.update_date as update_d3_1_, message0_.m_begin_date as m_begin_4_1_, message0_.m_content as m_conten5_1_, message0_.m_end_date as m_end_da6_1_, message0_.m_title as m_title7_1_ from test_ms_message_tests.t_message message0_
1570053632584|0|rollback|connection 0|url jdbc:p6spy:postgresql://localhost:5432/ms_message_tests||
